[     312ms] [INFO] %cDownload the React DevTools for a better development experience: https://reactjs.org/link/react-devtools font-weight:bold @ webpack-internal:///(app-pages-browser)/./node_modules/next/dist/compiled/react-dom/cjs/react-dom.development.js:38559
[  387108ms] [LOG] [Fast Refresh] rebuilding @ webpack-internal:///(app-pages-browser)/./node_modules/next/dist/client/components/react-dev-overlay/app/hot-reloader-client.js:186
[  387304ms] [LOG] [Fast Refresh] done in 197ms @ webpack-internal:///(app-pages-browser)/./node_modules/next/dist/client/components/react-dev-overlay/app/hot-reloader-client.js:43
[  388349ms] [LOG] [Fast Refresh] rebuilding @ webpack-internal:///(app-pages-browser)/./node_modules/next/dist/client/components/react-dev-overlay/app/hot-reloader-client.js:186
[  388452ms] [LOG] [Fast Refresh] done in 103ms @ webpack-internal:///(app-pages-browser)/./node_modules/next/dist/client/components/react-dev-overlay/app/hot-reloader-client.js:43
[  388592ms] [LOG] [Fast Refresh] rebuilding @ webpack-internal:///(app-pages-browser)/./node_modules/next/dist/client/components/react-dev-overlay/app/hot-reloader-client.js:186
[  388702ms] [LOG] [Fast Refresh] done in 109ms @ webpack-internal:///(app-pages-browser)/./node_modules/next/dist/client/components/react-dev-overlay/app/hot-reloader-client.js:43
[  389934ms] [LOG] [Fast Refresh] rebuilding @ webpack-internal:///(app-pages-browser)/./node_modules/next/dist/client/components/react-dev-overlay/app/hot-reloader-client.js:186
[  390022ms] [LOG] [Fast Refresh] done in 89ms @ webpack-internal:///(app-pages-browser)/./node_modules/next/dist/client/components/react-dev-overlay/app/hot-reloader-client.js:43
[  390189ms] [LOG] [Fast Refresh] rebuilding @ webpack-internal:///(app-pages-browser)/./node_modules/next/dist/client/components/react-dev-overlay/app/hot-reloader-client.js:186
[  390291ms] [LOG] [Fast Refresh] done in 102ms @ webpack-internal:///(app-pages-browser)/./node_modules/next/dist/client/components/react-dev-overlay/app/hot-reloader-client.js:43
[  391500ms] [LOG] [Fast Refresh] rebuilding @ webpack-internal:///(app-pages-browser)/./node_modules/next/dist/client/components/react-dev-overlay/app/hot-reloader-client.js:186
[  391577ms] [LOG] [Fast Refresh] done in 78ms @ webpack-internal:///(app-pages-browser)/./node_modules/next/dist/client/components/react-dev-overlay/app/hot-reloader-client.js:43
[  391744ms] [LOG] [Fast Refresh] rebuilding @ webpack-internal:///(app-pages-browser)/./node_modules/next/dist/client/components/react-dev-overlay/app/hot-reloader-client.js:186
[  391835ms] [LOG] [Fast Refresh] done in 90ms @ webpack-internal:///(app-pages-browser)/./node_modules/next/dist/client/components/react-dev-overlay/app/hot-reloader-client.js:43
[  393040ms] [LOG] [Fast Refresh] rebuilding @ webpack-internal:///(app-pages-browser)/./node_modules/next/dist/client/components/react-dev-overlay/app/hot-reloader-client.js:186
[  393118ms] [LOG] [Fast Refresh] done in 77ms @ webpack-internal:///(app-pages-browser)/./node_modules/next/dist/client/components/react-dev-overlay/app/hot-reloader-client.js:43
[  393282ms] [LOG] [Fast Refresh] rebuilding @ webpack-internal:///(app-pages-browser)/./node_modules/next/dist/client/components/react-dev-overlay/app/hot-reloader-client.js:186
[  393403ms] [LOG] [Fast Refresh] done in 121ms @ webpack-internal:///(app-pages-browser)/./node_modules/next/dist/client/components/react-dev-overlay/app/hot-reloader-client.js:43
[  394597ms] [LOG] [Fast Refresh] rebuilding @ webpack-internal:///(app-pages-browser)/./node_modules/next/dist/client/components/react-dev-overlay/app/hot-reloader-client.js:186
[  394682ms] [LOG] [Fast Refresh] done in 85ms @ webpack-internal:///(app-pages-browser)/./node_modules/next/dist/client/components/react-dev-overlay/app/hot-reloader-client.js:43
[  394844ms] [LOG] [Fast Refresh] rebuilding @ webpack-internal:///(app-pages-browser)/./node_modules/next/dist/client/components/react-dev-overlay/app/hot-reloader-client.js:186
[  394940ms] [LOG] [Fast Refresh] done in 96ms @ webpack-internal:///(app-pages-browser)/./node_modules/next/dist/client/components/react-dev-overlay/app/hot-reloader-client.js:43
[  396149ms] [LOG] [Fast Refresh] rebuilding @ webpack-internal:///(app-pages-browser)/./node_modules/next/dist/client/components/react-dev-overlay/app/hot-reloader-client.js:186
[  396224ms] [LOG] [Fast Refresh] done in 74ms @ webpack-internal:///(app-pages-browser)/./node_modules/next/dist/client/components/react-dev-overlay/app/hot-reloader-client.js:43
[  396396ms] [LOG] [Fast Refresh] rebuilding @ webpack-internal:///(app-pages-browser)/./node_modules/next/dist/client/components/react-dev-overlay/app/hot-reloader-client.js:186
[  396501ms] [LOG] [Fast Refresh] done in 105ms @ webpack-internal:///(app-pages-browser)/./node_modules/next/dist/client/components/react-dev-overlay/app/hot-reloader-client.js:43
[  433463ms] [LOG] [Fast Refresh] rebuilding @ webpack-internal:///(app-pages-browser)/./node_modules/next/dist/client/components/react-dev-overlay/app/hot-reloader-client.js:186
[  433561ms] [LOG] [Fast Refresh] rebuilding @ webpack-internal:///(app-pages-browser)/./node_modules/next/dist/client/components/react-dev-overlay/app/hot-reloader-client.js:186
[  433571ms] [LOG] [Fast Refresh] done in 10ms @ webpack-internal:///(app-pages-browser)/./node_modules/next/dist/client/components/react-dev-overlay/app/hot-reloader-client.js:43
[  434003ms] [LOG] [Fast Refresh] done in 441ms @ webpack-internal:///(app-pages-browser)/./node_modules/next/dist/client/components/react-dev-overlay/app/hot-reloader-client.js:43
[  434048ms] Error: jetbrainsMono is not defined
    at RootLayout (webpack-internal:///(rsc)/./app/layout.tsx:28:464)
    at eC (C:\Alluvi\my projects\weight-loss\node_modules\next\dist\compiled\next-server\app-page.runtime.dev.js:35:265189)
    at e (C:\Alluvi\my projects\weight-loss\node_modules\next\dist\compiled\next-server\app-page.runtime.dev.js:35:269321)
    at eL (C:\Alluvi\my projects\weight-loss\node_modules\next\dist\compiled\next-server\app-page.runtime.dev.js:35:269809)
    at eJ (C:\Alluvi\my projects\weight-loss\node_modules\next\dist\compiled\next-server\app-page.runtime.dev.js:35:275773)
    at eR (C:\Alluvi\my projects\weight-loss\node_modules\next\dist\compiled\next-server\app-page.runtime.dev.js:35:266017)
    at eC (C:\Alluvi\my projects\weight-loss\node_modules\next\dist\compiled\next-server\app-page.runtime.dev.js:35:265059)
    at e (C:\Alluvi\my projects\weight-loss\node_modules\next\dist\compiled\next-server\app-page.runtime.dev.js:35:269321)
    at eL (C:\Alluvi\my projects\weight-loss\node_modules\next\dist\compiled\next-server\app-page.runtime.dev.js:35:269809)
    at C:\Alluvi\my projects\weight-loss\node_modules\next\dist\compiled\next-server\app-page.runtime.dev.js:35:267040
    at Array.toJSON (C:\Alluvi\my projects\weight-loss\node_modules\next\dist\compiled\next-server\app-page.runtime.dev.js:35:267504)
    at stringify (<anonymous>)
    at eJ (C:\Alluvi\my projects\weight-loss\node_modules\next\dist\compiled\next-server\app-page.runtime.dev.js:35:275872)
    at eV (C:\Alluvi\my projects\weight-loss\node_modules\next\dist\compiled\next-server\app-page.runtime.dev.js:35:276390)
    at AsyncLocalStorage.run (node:internal/async_local_storage/async_context_frame:63:14)
    at Timeout._onTimeout (C:\Alluvi\my projects\weight-loss\node_modules\next\dist\compiled\next-server\app-page.runtime.dev.js:35:284753)
    at listOnTimeout (node:internal/timers:605:17)
    at process.processTimers (node:internal/timers:541:7)
[  434049ms] Error: jetbrainsMono is not defined
    at RootLayout (webpack-internal:///(rsc)/./app/layout.tsx:28:464)
    at eC (C:\Alluvi\my projects\weight-loss\node_modules\next\dist\compiled\next-server\app-page.runtime.dev.js:35:265189)
    at e (C:\Alluvi\my projects\weight-loss\node_modules\next\dist\compiled\next-server\app-page.runtime.dev.js:35:269321)
    at eL (C:\Alluvi\my projects\weight-loss\node_modules\next\dist\compiled\next-server\app-page.runtime.dev.js:35:269809)
    at eJ (C:\Alluvi\my projects\weight-loss\node_modules\next\dist\compiled\next-server\app-page.runtime.dev.js:35:275773)
    at eR (C:\Alluvi\my projects\weight-loss\node_modules\next\dist\compiled\next-server\app-page.runtime.dev.js:35:266017)
    at eC (C:\Alluvi\my projects\weight-loss\node_modules\next\dist\compiled\next-server\app-page.runtime.dev.js:35:265059)
    at e (C:\Alluvi\my projects\weight-loss\node_modules\next\dist\compiled\next-server\app-page.runtime.dev.js:35:269321)
    at eL (C:\Alluvi\my projects\weight-loss\node_modules\next\dist\compiled\next-server\app-page.runtime.dev.js:35:269809)
    at C:\Alluvi\my projects\weight-loss\node_modules\next\dist\compiled\next-server\app-page.runtime.dev.js:35:267040
    at Array.toJSON (C:\Alluvi\my projects\weight-loss\node_modules\next\dist\compiled\next-server\app-page.runtime.dev.js:35:267504)
    at stringify (<anonymous>)
    at eJ (C:\Alluvi\my projects\weight-loss\node_modules\next\dist\compiled\next-server\app-page.runtime.dev.js:35:275872)
    at eV (C:\Alluvi\my projects\weight-loss\node_modules\next\dist\compiled\next-server\app-page.runtime.dev.js:35:276390)
    at AsyncLocalStorage.run (node:internal/async_local_storage/async_context_frame:63:14)
    at Timeout._onTimeout (C:\Alluvi\my projects\weight-loss\node_modules\next\dist\compiled\next-server\app-page.runtime.dev.js:35:284753)
    at listOnTimeout (node:internal/timers:605:17)
    at process.processTimers (node:internal/timers:541:7)
[  434050ms] Error: jetbrainsMono is not defined
    at RootLayout (webpack-internal:///(rsc)/./app/layout.tsx:28:464)
    at eC (C:\Alluvi\my projects\weight-loss\node_modules\next\dist\compiled\next-server\app-page.runtime.dev.js:35:265189)
    at e (C:\Alluvi\my projects\weight-loss\node_modules\next\dist\compiled\next-server\app-page.runtime.dev.js:35:269321)
    at eL (C:\Alluvi\my projects\weight-loss\node_modules\next\dist\compiled\next-server\app-page.runtime.dev.js:35:269809)
    at eJ (C:\Alluvi\my projects\weight-loss\node_modules\next\dist\compiled\next-server\app-page.runtime.dev.js:35:275773)
    at eR (C:\Alluvi\my projects\weight-loss\node_modules\next\dist\compiled\next-server\app-page.runtime.dev.js:35:266017)
    at eC (C:\Alluvi\my projects\weight-loss\node_modules\next\dist\compiled\next-server\app-page.runtime.dev.js:35:265059)
    at e (C:\Alluvi\my projects\weight-loss\node_modules\next\dist\compiled\next-server\app-page.runtime.dev.js:35:269321)
    at eL (C:\Alluvi\my projects\weight-loss\node_modules\next\dist\compiled\next-server\app-page.runtime.dev.js:35:269809)
    at C:\Alluvi\my projects\weight-loss\node_modules\next\dist\compiled\next-server\app-page.runtime.dev.js:35:267040
    at Array.toJSON (C:\Alluvi\my projects\weight-loss\node_modules\next\dist\compiled\next-server\app-page.runtime.dev.js:35:267504)
    at stringify (<anonymous>)
    at eJ (C:\Alluvi\my projects\weight-loss\node_modules\next\dist\compiled\next-server\app-page.runtime.dev.js:35:275872)
    at eV (C:\Alluvi\my projects\weight-loss\node_modules\next\dist\compiled\next-server\app-page.runtime.dev.js:35:276390)
    at AsyncLocalStorage.run (node:internal/async_local_storage/async_context_frame:63:14)
    at Timeout._onTimeout (C:\Alluvi\my projects\weight-loss\node_modules\next\dist\compiled\next-server\app-page.runtime.dev.js:35:284753)
    at listOnTimeout (node:internal/timers:605:17)
    at process.processTimers (node:internal/timers:541:7)
[  434051ms] Error: jetbrainsMono is not defined
    at RootLayout (webpack-internal:///(rsc)/./app/layout.tsx:28:464)
    at eC (C:\Alluvi\my projects\weight-loss\node_modules\next\dist\compiled\next-server\app-page.runtime.dev.js:35:265189)
    at e (C:\Alluvi\my projects\weight-loss\node_modules\next\dist\compiled\next-server\app-page.runtime.dev.js:35:269321)
    at eL (C:\Alluvi\my projects\weight-loss\node_modules\next\dist\compiled\next-server\app-page.runtime.dev.js:35:269809)
    at eJ (C:\Alluvi\my projects\weight-loss\node_modules\next\dist\compiled\next-server\app-page.runtime.dev.js:35:275773)
    at eR (C:\Alluvi\my projects\weight-loss\node_modules\next\dist\compiled\next-server\app-page.runtime.dev.js:35:266017)
    at eC (C:\Alluvi\my projects\weight-loss\node_modules\next\dist\compiled\next-server\app-page.runtime.dev.js:35:265059)
    at e (C:\Alluvi\my projects\weight-loss\node_modules\next\dist\compiled\next-server\app-page.runtime.dev.js:35:269321)
    at eL (C:\Alluvi\my projects\weight-loss\node_modules\next\dist\compiled\next-server\app-page.runtime.dev.js:35:269809)
    at C:\Alluvi\my projects\weight-loss\node_modules\next\dist\compiled\next-server\app-page.runtime.dev.js:35:267040
    at Array.toJSON (C:\Alluvi\my projects\weight-loss\node_modules\next\dist\compiled\next-server\app-page.runtime.dev.js:35:267504)
    at stringify (<anonymous>)
    at eJ (C:\Alluvi\my projects\weight-loss\node_modules\next\dist\compiled\next-server\app-page.runtime.dev.js:35:275872)
    at eV (C:\Alluvi\my projects\weight-loss\node_modules\next\dist\compiled\next-server\app-page.runtime.dev.js:35:276390)
    at AsyncLocalStorage.run (node:internal/async_local_storage/async_context_frame:63:14)
    at Timeout._onTimeout (C:\Alluvi\my projects\weight-loss\node_modules\next\dist\compiled\next-server\app-page.runtime.dev.js:35:284753)
    at listOnTimeout (node:internal/timers:605:17)
    at process.processTimers (node:internal/timers:541:7)
[  434052ms] Error: jetbrainsMono is not defined
    at RootLayout (webpack-internal:///(rsc)/./app/layout.tsx:28:464)
    at eC (C:\Alluvi\my projects\weight-loss\node_modules\next\dist\compiled\next-server\app-page.runtime.dev.js:35:265189)
    at e (C:\Alluvi\my projects\weight-loss\node_modules\next\dist\compiled\next-server\app-page.runtime.dev.js:35:269321)
    at eL (C:\Alluvi\my projects\weight-loss\node_modules\next\dist\compiled\next-server\app-page.runtime.dev.js:35:269809)
    at eJ (C:\Alluvi\my projects\weight-loss\node_modules\next\dist\compiled\next-server\app-page.runtime.dev.js:35:275773)
    at eR (C:\Alluvi\my projects\weight-loss\node_modules\next\dist\compiled\next-server\app-page.runtime.dev.js:35:266017)
    at eC (C:\Alluvi\my projects\weight-loss\node_modules\next\dist\compiled\next-server\app-page.runtime.dev.js:35:265059)
    at e (C:\Alluvi\my projects\weight-loss\node_modules\next\dist\compiled\next-server\app-page.runtime.dev.js:35:269321)
    at eL (C:\Alluvi\my projects\weight-loss\node_modules\next\dist\compiled\next-server\app-page.runtime.dev.js:35:269809)
    at C:\Alluvi\my projects\weight-loss\node_modules\next\dist\compiled\next-server\app-page.runtime.dev.js:35:267040
    at Array.toJSON (C:\Alluvi\my projects\weight-loss\node_modules\next\dist\compiled\next-server\app-page.runtime.dev.js:35:267504)
    at stringify (<anonymous>)
    at eJ (C:\Alluvi\my projects\weight-loss\node_modules\next\dist\compiled\next-server\app-page.runtime.dev.js:35:275872)
    at eV (C:\Alluvi\my projects\weight-loss\node_modules\next\dist\compiled\next-server\app-page.runtime.dev.js:35:276390)
    at AsyncLocalStorage.run (node:internal/async_local_storage/async_context_frame:63:14)
    at Timeout._onTimeout (C:\Alluvi\my projects\weight-loss\node_modules\next\dist\compiled\next-server\app-page.runtime.dev.js:35:284753)
    at listOnTimeout (node:internal/timers:605:17)
    at process.processTimers (node:internal/timers:541:7)
[  434052ms] Error: jetbrainsMono is not defined
    at RootLayout (webpack-internal:///(rsc)/./app/layout.tsx:28:464)
    at eC (C:\Alluvi\my projects\weight-loss\node_modules\next\dist\compiled\next-server\app-page.runtime.dev.js:35:265189)
    at e (C:\Alluvi\my projects\weight-loss\node_modules\next\dist\compiled\next-server\app-page.runtime.dev.js:35:269321)
    at eL (C:\Alluvi\my projects\weight-loss\node_modules\next\dist\compiled\next-server\app-page.runtime.dev.js:35:269809)
    at eJ (C:\Alluvi\my projects\weight-loss\node_modules\next\dist\compiled\next-server\app-page.runtime.dev.js:35:275773)
    at eR (C:\Alluvi\my projects\weight-loss\node_modules\next\dist\compiled\next-server\app-page.runtime.dev.js:35:266017)
    at eC (C:\Alluvi\my projects\weight-loss\node_modules\next\dist\compiled\next-server\app-page.runtime.dev.js:35:265059)
    at e (C:\Alluvi\my projects\weight-loss\node_modules\next\dist\compiled\next-server\app-page.runtime.dev.js:35:269321)
    at eL (C:\Alluvi\my projects\weight-loss\node_modules\next\dist\compiled\next-server\app-page.runtime.dev.js:35:269809)
    at C:\Alluvi\my projects\weight-loss\node_modules\next\dist\compiled\next-server\app-page.runtime.dev.js:35:267040
    at Array.toJSON (C:\Alluvi\my projects\weight-loss\node_modules\next\dist\compiled\next-server\app-page.runtime.dev.js:35:267504)
    at stringify (<anonymous>)
    at eJ (C:\Alluvi\my projects\weight-loss\node_modules\next\dist\compiled\next-server\app-page.runtime.dev.js:35:275872)
    at eV (C:\Alluvi\my projects\weight-loss\node_modules\next\dist\compiled\next-server\app-page.runtime.dev.js:35:276390)
    at AsyncLocalStorage.run (node:internal/async_local_storage/async_context_frame:63:14)
    at Timeout._onTimeout (C:\Alluvi\my projects\weight-loss\node_modules\next\dist\compiled\next-server\app-page.runtime.dev.js:35:284753)
    at listOnTimeout (node:internal/timers:605:17)
    at process.processTimers (node:internal/timers:541:7)
[  434055ms] [ERROR] The above error occurred in the <NotFoundErrorBoundary> component:

    at RedirectErrorBoundary (webpack-internal:///(app-pages-browser)/./node_modules/next/dist/client/components/redirect-boundary.js:74:9)
    at RedirectBoundary (webpack-internal:///(app-pages-browser)/./node_modules/next/dist/client/components/redirect-boundary.js:82:11)
    at NotFoundErrorBoundary (webpack-internal:///(app-pages-browser)/./node_modules/next/dist/client/components/not-found-boundary.js:76:9)
    at NotFoundBoundary (webpack-internal:///(app-pages-browser)/./node_modules/next/dist/client/components/not-found-boundary.js:84:11)
    at DevRootNotFoundBoundary (webpack-internal:///(app-pages-browser)/./node_modules/next/dist/client/components/dev-root-not-found-boundary.js:33:11)
    at ReactDevOverlay (webpack-internal:///(app-pages-browser)/./node_modules/next/dist/client/components/react-dev-overlay/app/ReactDevOverlay.js:87:9)
    at HotReload (webpack-internal:///(app-pages-browser)/./node_modules/next/dist/client/components/react-dev-overlay/app/hot-reloader-client.js:321:11)
    at Router (webpack-internal:///(app-pages-browser)/./node_modules/next/dist/client/components/app-router.js:207:11)
    at ErrorBoundaryHandler (webpack-internal:///(app-pages-browser)/./node_modules/next/dist/client/components/error-boundary.js:113:9)
    at ErrorBoundary (webpack-internal:///(app-pages-browser)/./node_modules/next/dist/client/components/error-boundary.js:160:11)
    at AppRouter (webpack-internal:///(app-pages-browser)/./node_modules/next/dist/client/components/app-router.js:585:13)
    at ServerRoot (webpack-internal:///(app-pages-browser)/./node_modules/next/dist/client/app-index.js:112:27)
    at Root (webpack-internal:///(app-pages-browser)/./node_modules/next/dist/client/app-index.js:117:11)

React will try to recreate this component tree from scratch using the error boundary you provided, ReactDevOverlay. @ webpack-internal:///(app-pages-browser)/./node_modules/next/dist/client/app-index.js:32
[  434077ms] [LOG] [HMR] Detected local css modules. Reload all css @ webpack-internal:///(app-pages-browser)/./node_modules/next/dist/compiled/mini-css-extract-plugin/hmr/hotModuleReplacement.js:1
[  450462ms] [LOG] [Fast Refresh] rebuilding @ webpack-internal:///(app-pages-browser)/./node_modules/next/dist/client/components/react-dev-overlay/app/hot-reloader-client.js:186
[  450633ms] [WARNING] [Fast Refresh] performing full reload because your application had an unrecoverable error @ webpack-internal:///(app-pages-browser)/./node_modules/next/dist/client/components/react-dev-overlay/app/hot-reloader-client.js:114
[  451129ms] [INFO] %cDownload the React DevTools for a better development experience: https://reactjs.org/link/react-devtools font-weight:bold @ webpack-internal:///(app-pages-browser)/./node_modules/next/dist/compiled/react-dom/cjs/react-dom.development.js:38559
[  471277ms] [LOG] [Fast Refresh] rebuilding @ webpack-internal:///(app-pages-browser)/./node_modules/next/dist/client/components/react-dev-overlay/app/hot-reloader-client.js:186
[  471504ms] [LOG] [Fast Refresh] rebuilding @ webpack-internal:///(app-pages-browser)/./node_modules/next/dist/client/components/react-dev-overlay/app/hot-reloader-client.js:186
[  471574ms] [LOG] [Fast Refresh] done in 69ms @ webpack-internal:///(app-pages-browser)/./node_modules/next/dist/client/components/react-dev-overlay/app/hot-reloader-client.js:43
[  471615ms] [LOG] [Fast Refresh] done in 111ms @ webpack-internal:///(app-pages-browser)/./node_modules/next/dist/client/components/react-dev-overlay/app/hot-reloader-client.js:43
[  488785ms] [LOG] [Fast Refresh] rebuilding @ webpack-internal:///(app-pages-browser)/./node_modules/next/dist/client/components/react-dev-overlay/app/hot-reloader-client.js:186
[  488993ms] [LOG] [Fast Refresh] rebuilding @ webpack-internal:///(app-pages-browser)/./node_modules/next/dist/client/components/react-dev-overlay/app/hot-reloader-client.js:186
[  489007ms] [LOG] [Fast Refresh] done in 15ms @ webpack-internal:///(app-pages-browser)/./node_modules/next/dist/client/components/react-dev-overlay/app/hot-reloader-client.js:43
[  489140ms] [LOG] [Fast Refresh] done in 147ms @ webpack-internal:///(app-pages-browser)/./node_modules/next/dist/client/components/react-dev-overlay/app/hot-reloader-client.js:43
[  533110ms] [LOG] [Fast Refresh] rebuilding @ webpack-internal:///(app-pages-browser)/./node_modules/next/dist/client/components/react-dev-overlay/app/hot-reloader-client.js:186
[  533444ms] [LOG] [Fast Refresh] done in 334ms @ webpack-internal:///(app-pages-browser)/./node_modules/next/dist/client/components/react-dev-overlay/app/hot-reloader-client.js:43
